<?xml version="1.0" encoding="UTF-8"?>
<!-- Generated by org.testng.reporters.JUnitReportReporter -->
<testsuite hostname="PavanS" failures="0" tests="1" name="testcases.DataDriven" time="0.738" errors="0" timestamp="2024-03-26T20:33:42 IST" skipped="0">
  <testcase classname="testcases.DataDriven" name="getXLData" time="0.738"/>
  <system-out/>
</testsuite> <!-- testcases.DataDriven -->
